<?xml version="1.0" encoding="UTF-8"?>
<!-- Generated by org.testng.reporters.JUnitReportReporter -->
<testsuite hostname="LAPTOP-64IDSUCS" failures="0" tests="4" name="testScripts.HomepageTest" time="0.489" errors="0" timestamp="2023-03-08T13:34:13 IST" skipped="0">
  <testcase classname="testScripts.HomepageTest" name="logoTest" time="0.078"/>
  <system-out/>
  <testcase classname="testScripts.HomepageTest" name="loginButtonVisible" time="0.043"/>
  <system-out/>
  <testcase classname="testScripts.HomepageTest" name="loginButtonTest" time="0.316"/>
  <system-out/>
  <testcase classname="testScripts.HomepageTest" name="verifyOffersBlock" time="0.052"/>
  <system-out/>
</testsuite> <!-- testScripts.HomepageTest -->
